<?xml version="1.0" encoding="UTF-8"?>
<!-- Generated by org.testng.reporters.JUnitReportReporter -->
<testsuite hostname="VBS96" failures="0" tests="4" name="apiTest.CustomerApiIT" time="3.142" errors="0" timestamp="2026-01-16T14:59:13 IST" skipped="0">
  <testcase classname="apiTest.CustomerApiIT" name="shouldCreateCustomer" time="2.613"/>
  <system-out/>
  <testcase classname="apiTest.CustomerApiIT" name="shouldGetCustomerById" time="0.141"/>
  <system-out/>
  <testcase classname="apiTest.CustomerApiIT" name="shouldUpdateCustomer" time="0.336"/>
  <system-out/>
  <testcase classname="apiTest.CustomerApiIT" name="shouldDeleteCustomer" time="0.052"/>
  <system-out/>
</testsuite> <!-- apiTest.CustomerApiIT -->
