<?xml version="1.0" encoding="UTF-8"?>
<!-- Generated by org.testng.reporters.JUnitReportReporter -->
<testsuite hostname="VBS96" failures="0" tests="3" name="apiTest.EndToEnd" time="2.847" errors="0" timestamp="2026-01-16T19:46:21 IST" skipped="0">
  <testcase classname="apiTest.EndToEnd" name="shouldCreateCustomer" time="2.407"/>
  <system-out/>
  <testcase classname="apiTest.EndToEnd" name="shouldCreateAccount" time="0.269"/>
  <system-out/>
  <testcase classname="apiTest.EndToEnd" name="DepositMoneyApi" time="0.171"/>
  <system-out/>
</testsuite> <!-- apiTest.EndToEnd -->
