<?xml version="1.0" encoding="UTF-8"?>
<!-- Generated by org.testng.reporters.JUnitReportReporter -->
<testsuite hostname="VBS96" failures="0" tests="4" name="apiTest.AccountLifecycleIT" time="0.597" errors="0" timestamp="2026-01-16T20:55:03 IST" skipped="0">
  <testcase classname="apiTest.AccountLifecycleIT" name="shouldCreateAccount" time="0.313"/>
  <system-out/>
  <testcase classname="apiTest.AccountLifecycleIT" name="shouldGetAccountByAccountNo" time="0.159"/>
  <system-out/>
  <testcase classname="apiTest.AccountLifecycleIT" name="shouldUpdateAccount" time="0.082"/>
  <system-out/>
  <testcase classname="apiTest.AccountLifecycleIT" name="shouldDeleteAccount" time="0.043"/>
  <system-out/>
</testsuite> <!-- apiTest.AccountLifecycleIT -->
