<?xml version="1.0" encoding="UTF-8"?>
<!-- Generated by org.testng.reporters.JUnitReportReporter -->
<testsuite hostname="VBS96" failures="1" tests="4" name="apiTest.DatabaseValidatio_CustomerApiIT" time="2.870" errors="0" timestamp="2026-01-16T20:24:36 IST" skipped="0">
  <testcase classname="apiTest.DatabaseValidatio_CustomerApiIT" name="shouldCreateCustomer" time="1.859"/>
  <system-out/>
  <testcase classname="apiTest.DatabaseValidatio_CustomerApiIT" name="shouldDeleteCustomer" time="0.334">
    <failure message="Status code mismatch! expected [204] but found [500]" type="java.lang.AssertionError">
      <![CDATA[java.lang.AssertionError: Status code mismatch! expected [204] but found [500]
at org.testng.Assert.fail(Assert.java:110)
at org.testng.Assert.failNotEquals(Assert.java:1577)
at org.testng.Assert.assertEqualsImpl(Assert.java:149)
at org.testng.Assert.assertEquals(Assert.java:131)
at org.testng.Assert.assertEquals(Assert.java:1418)
at org.testng.Assert.assertEquals(Assert.java:1382)
at apivalidation.APIValidation.validateStatuscode(APIValidation.java:18)
at apiTest.DatabaseValidatio_CustomerApiIT.shouldDeleteCustomer(DatabaseValidatio_CustomerApiIT.java:165)
at java.base/jdk.internal.reflect.DirectMethodHandleAccessor.invoke(DirectMethodHandleAccessor.java:104)
at java.base/java.lang.reflect.Method.invoke(Method.java:578)
at org.testng.internal.invokers.MethodInvocationHelper.invokeMethod(MethodInvocationHelper.java:139)
at org.testng.internal.invokers.TestInvoker.invokeMethod(TestInvoker.java:677)
at org.testng.internal.invokers.TestInvoker.invokeTestMethod(TestInvoker.java:221)
at org.testng.internal.invokers.MethodRunner.runInSequence(MethodRunner.java:50)
at org.testng.internal.invokers.TestInvoker$MethodInvocationAgent.invoke(TestInvoker.java:969)
at org.testng.internal.invokers.TestInvoker.invokeTestMethods(TestInvoker.java:194)
at org.testng.internal.invokers.TestMethodWorker.invokeTestMethods(TestMethodWorker.java:148)
at org.testng.internal.invokers.TestMethodWorker.run(TestMethodWorker.java:128)
at java.base/java.util.concurrent.ThreadPoolExecutor.runWorker(ThreadPoolExecutor.java:1144)
at java.base/java.util.concurrent.ThreadPoolExecutor$Worker.run(ThreadPoolExecutor.java:642)
at java.base/java.lang.Thread.run(Thread.java:1589)
]]>
    </failure>
  </testcase> <!-- shouldDeleteCustomer -->
  <system-out/>
  <testcase classname="apiTest.DatabaseValidatio_CustomerApiIT" name="shouldGetCustomerById" time="0.423"/>
  <system-out/>
  <testcase classname="apiTest.DatabaseValidatio_CustomerApiIT" name="shouldUpdateCustomer" time="0.254"/>
  <system-out/>
</testsuite> <!-- apiTest.DatabaseValidatio_CustomerApiIT -->
