<?xml version="1.0" encoding="UTF-8"?>
<!-- Generated by org.testng.reporters.JUnitReportReporter -->
<testsuite hostname="VBS96" failures="0" tests="3" name="apiTest.CustomerAccountTransactionE2ETest" time="2.473" errors="0" timestamp="2026-01-16T20:55:03 IST" skipped="0">
  <testcase classname="apiTest.CustomerAccountTransactionE2ETest" name="createCustomer_shouldSucceed" time="2.054"/>
  <system-out/>
  <testcase classname="apiTest.CustomerAccountTransactionE2ETest" name="createAccount_shouldSucceed" time="0.231"/>
  <system-out/>
  <testcase classname="apiTest.CustomerAccountTransactionE2ETest" name="depositMoney_shouldUpdateBalanceCorrectly" time="0.188"/>
  <system-out/>
</testsuite> <!-- apiTest.CustomerAccountTransactionE2ETest -->
