<?xml version="1.0" encoding="UTF-8"?>
<!-- Generated by org.testng.reporters.JUnitXMLReporter -->
<testsuite ignored="0" hostname="VBS96" failures="0" tests="3" name="E2E Banking Flow Run" time="2.362" errors="0" timestamp="2026-01-16T19:56:37 IST">
  <testcase classname="apiTest.CustomerAccountTransactionE2ETest" name="createCustomer_shouldSucceed" time="1.786"/>
  <testcase classname="apiTest.CustomerAccountTransactionE2ETest" name="createAccount_shouldSucceed" time="0.227"/>
  <testcase classname="apiTest.CustomerAccountTransactionE2ETest" name="depositMoney_shouldUpdateBalanceCorrectly" time="0.143"/>
</testsuite> <!-- E2E Banking Flow Run -->
