<?xml version="1.0" encoding="UTF-8"?>
<!-- Generated by org.testng.reporters.JUnitXMLReporter -->
<testsuite ignored="4" hostname="VBS96" failures="1" tests="11" name="API Lifecycle Tests" time="3.917" errors="0" timestamp="2026-01-16T20:55:03 IST">
  <testcase classname="apiTest.CustomerAccountTransactionE2ETest" name="createCustomer_shouldSucceed" time="2.054"/>
  <testcase classname="apiTest.CustomerAccountTransactionE2ETest" name="createAccount_shouldSucceed" time="0.231"/>
  <testcase classname="apiTest.CustomerAccountTransactionE2ETest" name="depositMoney_shouldUpdateBalanceCorrectly" time="0.188"/>
  <testcase classname="apiTest.CustomerLifecycleApiIT" name="shouldCreateCustomer" time="0.437"/>
  <testcase classname="apiTest.CustomerLifecycleApiIT" name="shouldGetCustomerById" time="0.09"/>
  <testcase classname="apiTest.CustomerLifecycleApiIT" name="shouldUpdateCustomer" time="0.058">
    <failure type="java.lang.AssertionError" message="Status code mismatch! expected [200] but found [400]">
      <![CDATA[java.lang.AssertionError: Status code mismatch! expected [200] but found [400]
at apivalidation.APIValidation.validateStatuscode(APIValidation.java:18)
at apiTest.CustomerLifecycleApiIT.shouldUpdateCustomer(CustomerLifecycleApiIT.java:119)
at java.base/java.util.ArrayList.forEach(ArrayList.java:1511)
... Removed 31 stack frames]]>
    </failure>
  </testcase> <!-- shouldUpdateCustomer -->
  <testcase classname="apiTest.CustomerLifecycleApiIT" name="shouldDeleteCustomer" time="0.001">
    <skipped/>
  </testcase> <!-- shouldDeleteCustomer -->
  <testcase classname="apiTest.AccountLifecycleIT" name="shouldCreateAccount" time="0.313"/>
  <testcase classname="apiTest.AccountLifecycleIT" name="shouldGetAccountByAccountNo" time="0.159"/>
  <testcase classname="apiTest.AccountLifecycleIT" name="shouldUpdateAccount" time="0.082"/>
  <testcase classname="apiTest.AccountLifecycleIT" name="shouldDeleteAccount" time="0.043"/>
  <testcase classname="baseTest.BaseTest" name="@BeforeSuite setup" time="0.0">
    <ignored/>
  </testcase> <!-- @BeforeSuite setup -->
  <testcase classname="baseTest.BaseTest" name="@AfterSuite tearDown" time="0.0">
    <ignored/>
  </testcase> <!-- @AfterSuite tearDown -->
  <testcase classname="baseTest.BaseTest" name="@BeforeSuite setup" time="0.0">
    <ignored/>
  </testcase> <!-- @BeforeSuite setup -->
  <testcase classname="baseTest.BaseTest" name="@AfterSuite tearDown" time="0.0">
    <ignored/>
  </testcase> <!-- @AfterSuite tearDown -->
</testsuite> <!-- API Lifecycle Tests -->
