<html>
<head>
<title>TestNG:  API Lifecycle Tests</title>
<link href="../testng.css" rel="stylesheet" type="text/css" />
<link href="../my-testng.css" rel="stylesheet" type="text/css" />

<style type="text/css">
.log { display: none;} 
.stack-trace { display: none;} 
</style>
<script type="text/javascript">
<!--
function flip(e) {
  current = e.style.display;
  if (current == 'block') {
    e.style.display = 'none';
    return 0;
  }
  else {
    e.style.display = 'block';
    return 1;
  }
}

function toggleBox(szDivId, elem, msg1, msg2)
{
  var res = -1;  if (document.getElementById) {
    res = flip(document.getElementById(szDivId));
  }
  else if (document.all) {
    // this is the way old msie versions work
    res = flip(document.all[szDivId]);
  }
  if(elem) {
    if(res == 0) elem.innerHTML = msg1; else elem.innerHTML = msg2;
  }

}

function toggleAllBoxes() {
  if (document.getElementsByTagName) {
    d = document.getElementsByTagName('div');
    for (i = 0; i < d.length; i++) {
      if (d[i].className == 'log') {
        flip(d[i]);
      }
    }
  }
}

// -->
</script>

</head>
<body>
<h2 align='center'>API Lifecycle Tests</h2><table border='1' align="center">
<tr>
<td>Tests passed/Failed/Skipped:</td><td>9/1/1</td>
</tr><tr>
<td>Started on:</td><td>Fri Jan 16 20:54:59 IST 2026</td>
</tr>
<tr><td>Total time:</td><td>3 seconds (3917 ms)</td>
</tr><tr>
<td>Included groups:</td><td></td>
</tr><tr>
<td>Excluded groups:</td><td></td>
</tr>
</table><p/>
<small><i>(Hover the method name to see the test class name)</i></small><p/>
<table width='100%' border='1' class='invocation-failed'>
<tr><td colspan='4' align='center'><b>FAILED TESTS</b></td></tr>
<tr><td><b>Test method</b></td>
<td><b>Attribute(s)</b></td>
<td width="30%"><b>Exception</b></td>
<td width="10%"><b>Time (seconds)</b></td>
<td><b>Instance</b></td>
</tr>
<tr>
<td title='apiTest.CustomerLifecycleApiIT.shouldUpdateCustomer()'><b>shouldUpdateCustomer</b><br>Test class: apiTest.CustomerLifecycleApiIT</td>
<td><div><pre>java.lang.AssertionError: Status code mismatch! expected [200] but found [400]
	at apivalidation.APIValidation.validateStatuscode(APIValidation.java:18)
	at apiTest.CustomerLifecycleApiIT.shouldUpdateCustomer(CustomerLifecycleApiIT.java:119)
	at java.base/java.util.ArrayList.forEach(ArrayList.java:1511)
... Removed 31 stack frames</pre></div><a href='#' onClick='toggleBox("stack-trace1171736926", this, "Click to show all stack frames", "Click to hide stack frames")'>Click to show all stack frames</a>
<div class='stack-trace' id='stack-trace1171736926'><pre>java.lang.AssertionError: Status code mismatch! expected [200] but found [400]
	at org.testng.Assert.fail(Assert.java:110)
	at org.testng.Assert.failNotEquals(Assert.java:1577)
	at org.testng.Assert.assertEqualsImpl(Assert.java:149)
	at org.testng.Assert.assertEquals(Assert.java:131)
	at org.testng.Assert.assertEquals(Assert.java:1418)
	at org.testng.Assert.assertEquals(Assert.java:1382)
	at apivalidation.APIValidation.validateStatuscode(APIValidation.java:18)
	at apiTest.CustomerLifecycleApiIT.shouldUpdateCustomer(CustomerLifecycleApiIT.java:119)
	at java.base/jdk.internal.reflect.DirectMethodHandleAccessor.invoke(DirectMethodHandleAccessor.java:104)
	at java.base/java.lang.reflect.Method.invoke(Method.java:578)
	at org.testng.internal.invokers.MethodInvocationHelper.invokeMethod(MethodInvocationHelper.java:139)
	at org.testng.internal.invokers.TestInvoker.invokeMethod(TestInvoker.java:677)
	at org.testng.internal.invokers.TestInvoker.invokeTestMethod(TestInvoker.java:221)
	at org.testng.internal.invokers.MethodRunner.runInSequence(MethodRunner.java:50)
	at org.testng.internal.invokers.TestInvoker$MethodInvocationAgent.invoke(TestInvoker.java:969)
	at org.testng.internal.invokers.TestInvoker.invokeTestMethods(TestInvoker.java:194)
	at org.testng.internal.invokers.TestMethodWorker.invokeTestMethods(TestMethodWorker.java:148)
	at org.testng.internal.invokers.TestMethodWorker.run(TestMethodWorker.java:128)
	at java.base/java.util.ArrayList.forEach(ArrayList.java:1511)
	at org.testng.TestRunner.privateRun(TestRunner.java:829)
	at org.testng.TestRunner.run(TestRunner.java:602)
	at org.testng.SuiteRunner.runTest(SuiteRunner.java:437)
	at org.testng.SuiteRunner.runSequentially(SuiteRunner.java:431)
	at org.testng.SuiteRunner.privateRun(SuiteRunner.java:391)
	at org.testng.SuiteRunner.run(SuiteRunner.java:330)
	at org.testng.SuiteRunnerWorker.runSuite(SuiteRunnerWorker.java:52)
	at org.testng.SuiteRunnerWorker.run(SuiteRunnerWorker.java:95)
	at org.testng.TestNG.runSuitesSequentially(TestNG.java:1256)
	at org.testng.TestNG.runSuitesLocally(TestNG.java:1176)
	at org.testng.TestNG.runSuites(TestNG.java:1099)
	at org.testng.TestNG.run(TestNG.java:1067)
	at org.testng.remote.AbstractRemoteTestNG.run(AbstractRemoteTestNG.java:115)
	at org.testng.remote.RemoteTestNG.initAndRun(RemoteTestNG.java:251)
	at org.testng.remote.RemoteTestNG.main(RemoteTestNG.java:77)
</pre></div></td>
<td>0</td>
<td>apiTest.CustomerLifecycleApiIT@3724af13</td></tr>
</table><p>
<table width='100%' border='1' class='invocation-passed'>
<tr><td colspan='4' align='center'><b>PASSED TESTS</b></td></tr>
<tr><td><b>Test method</b></td>
<td><b>Attribute(s)</b></td>
<td width="30%"><b>Exception</b></td>
<td width="10%"><b>Time (seconds)</b></td>
<td><b>Instance</b></td>
</tr>
<tr>
<td title='apiTest.CustomerAccountTransactionE2ETest.createAccount_shouldSucceed()'><b>createAccount_shouldSucceed</b><br>Test class: apiTest.CustomerAccountTransactionE2ETest</td>
<td></td>
<td>0</td>
<td>apiTest.CustomerAccountTransactionE2ETest@44e3a2b2</td></tr>
<tr>
<td title='apiTest.CustomerLifecycleApiIT.shouldCreateCustomer()'><b>shouldCreateCustomer</b><br>Test class: apiTest.CustomerLifecycleApiIT</td>
<td></td>
<td>0</td>
<td>apiTest.CustomerLifecycleApiIT@3724af13</td></tr>
<tr>
<td title='apiTest.AccountLifecycleIT.shouldUpdateAccount()'><b>shouldUpdateAccount</b><br>Test class: apiTest.AccountLifecycleIT</td>
<td></td>
<td>0</td>
<td>apiTest.AccountLifecycleIT@68ead359</td></tr>
<tr>
<td title='apiTest.AccountLifecycleIT.shouldGetAccountByAccountNo()'><b>shouldGetAccountByAccountNo</b><br>Test class: apiTest.AccountLifecycleIT</td>
<td></td>
<td>0</td>
<td>apiTest.AccountLifecycleIT@68ead359</td></tr>
<tr>
<td title='apiTest.AccountLifecycleIT.shouldDeleteAccount()'><b>shouldDeleteAccount</b><br>Test class: apiTest.AccountLifecycleIT</td>
<td></td>
<td>0</td>
<td>apiTest.AccountLifecycleIT@68ead359</td></tr>
<tr>
<td title='apiTest.CustomerLifecycleApiIT.shouldGetCustomerById()'><b>shouldGetCustomerById</b><br>Test class: apiTest.CustomerLifecycleApiIT</td>
<td></td>
<td>0</td>
<td>apiTest.CustomerLifecycleApiIT@3724af13</td></tr>
<tr>
<td title='apiTest.CustomerAccountTransactionE2ETest.createCustomer_shouldSucceed()'><b>createCustomer_shouldSucceed</b><br>Test class: apiTest.CustomerAccountTransactionE2ETest</td>
<td></td>
<td>2</td>
<td>apiTest.CustomerAccountTransactionE2ETest@44e3a2b2</td></tr>
<tr>
<td title='apiTest.AccountLifecycleIT.shouldCreateAccount()'><b>shouldCreateAccount</b><br>Test class: apiTest.AccountLifecycleIT</td>
<td></td>
<td>0</td>
<td>apiTest.AccountLifecycleIT@68ead359</td></tr>
<tr>
<td title='apiTest.CustomerAccountTransactionE2ETest.depositMoney_shouldUpdateBalanceCorrectly()'><b>depositMoney_shouldUpdateBalanceCorrectly</b><br>Test class: apiTest.CustomerAccountTransactionE2ETest</td>
<td></td>
<td>0</td>
<td>apiTest.CustomerAccountTransactionE2ETest@44e3a2b2</td></tr>
</table><p>
<table width='100%' border='1' class='invocation-skipped'>
<tr><td colspan='4' align='center'><b>SKIPPED TESTS</b></td></tr>
<tr><td><b>Test method</b></td>
<td><b>Attribute(s)</b></td>
<td width="30%"><b>Exception</b></td>
<td width="10%"><b>Time (seconds)</b></td>
<td><b>Instance</b></td>
</tr>
<tr>
<td title='apiTest.CustomerLifecycleApiIT.shouldDeleteCustomer()'><b>shouldDeleteCustomer</b><br>Test class: apiTest.CustomerLifecycleApiIT</td>
<td><div><pre>java.lang.Throwable: Method apiTest.CustomerLifecycleApiIT.shouldDeleteCustomer() on instance apiTest.CustomerLifecycleApiIT@3724af13 depends on not successfully finished methods 
[apiTest.CustomerLifecycleApiIT.shouldUpdateCustomer() on instance apiTest.CustomerLifecycleApiIT@3724af13]
	at java.base/java.util.ArrayList.forEach(ArrayList.java:1511)
... Removed 18 stack frames</pre></div><a href='#' onClick='toggleBox("stack-trace105856166", this, "Click to show all stack frames", "Click to hide stack frames")'>Click to show all stack frames</a>
<div class='stack-trace' id='stack-trace105856166'><pre>java.lang.Throwable: Method apiTest.CustomerLifecycleApiIT.shouldDeleteCustomer() on instance apiTest.CustomerLifecycleApiIT@3724af13 depends on not successfully finished methods 
[apiTest.CustomerLifecycleApiIT.shouldUpdateCustomer() on instance apiTest.CustomerLifecycleApiIT@3724af13]
	at org.testng.internal.invokers.TestInvoker.invokeTestMethods(TestInvoker.java:150)
	at org.testng.internal.invokers.TestMethodWorker.invokeTestMethods(TestMethodWorker.java:148)
	at org.testng.internal.invokers.TestMethodWorker.run(TestMethodWorker.java:128)
	at java.base/java.util.ArrayList.forEach(ArrayList.java:1511)
	at org.testng.TestRunner.privateRun(TestRunner.java:829)
	at org.testng.TestRunner.run(TestRunner.java:602)
	at org.testng.SuiteRunner.runTest(SuiteRunner.java:437)
	at org.testng.SuiteRunner.runSequentially(SuiteRunner.java:431)
	at org.testng.SuiteRunner.privateRun(SuiteRunner.java:391)
	at org.testng.SuiteRunner.run(SuiteRunner.java:330)
	at org.testng.SuiteRunnerWorker.runSuite(SuiteRunnerWorker.java:52)
	at org.testng.SuiteRunnerWorker.run(SuiteRunnerWorker.java:95)
	at org.testng.TestNG.runSuitesSequentially(TestNG.java:1256)
	at org.testng.TestNG.runSuitesLocally(TestNG.java:1176)
	at org.testng.TestNG.runSuites(TestNG.java:1099)
	at org.testng.TestNG.run(TestNG.java:1067)
	at org.testng.remote.AbstractRemoteTestNG.run(AbstractRemoteTestNG.java:115)
	at org.testng.remote.RemoteTestNG.initAndRun(RemoteTestNG.java:251)
	at org.testng.remote.RemoteTestNG.main(RemoteTestNG.java:77)
</pre></div></td>
<td>0</td>
<td>apiTest.CustomerLifecycleApiIT@3724af13</td></tr>
</table><p>
</body>
</html>