<?xml version="1.0" encoding="UTF-8"?>
<!-- Generated by org.testng.reporters.JUnitXMLReporter -->
<testsuite ignored="0" hostname="VBS96" failures="0" tests="3" name="Default test" time="2.965" errors="0" timestamp="2026-01-16T20:00:05 IST">
  <testcase classname="apiTest.CustomerAccountTransactionE2ETest" name="createCustomer_shouldSucceed" time="2.16"/>
  <testcase classname="apiTest.CustomerAccountTransactionE2ETest" name="createAccount_shouldSucceed" time="0.284"/>
  <testcase classname="apiTest.CustomerAccountTransactionE2ETest" name="depositMoney_shouldUpdateBalanceCorrectly" time="0.206"/>
</testsuite> <!-- Default test -->
