<?xml version="1.0" encoding="UTF-8"?>
<testng-results ignored="4" total="15" passed="9" failed="1" skipped="1">
  <reporter-output>
  </reporter-output>
  <suite started-at="2026-01-16T20:54:59 IST" name="API Automation Parallel Suite" finished-at="2026-01-16T20:55:03 IST" duration-ms="3917">
    <groups>
    </groups>
    <test started-at="2026-01-16T20:54:59 IST" name="API Lifecycle Tests" finished-at="2026-01-16T20:55:03 IST" duration-ms="3917">
      <class name="apiTest.AccountLifecycleIT">
        <test-method signature="shouldCreateAccount()[pri:1, instance:apiTest.AccountLifecycleIT@68ead359]" started-at="2026-01-16T20:55:02 IST" name="shouldCreateAccount" finished-at="2026-01-16T20:55:02 IST" duration-ms="313" status="PASS">
          <reporter-output>
          </reporter-output>
        </test-method> <!-- shouldCreateAccount -->
        <test-method signature="shouldGetAccountByAccountNo()[pri:2, instance:apiTest.AccountLifecycleIT@68ead359]" started-at="2026-01-16T20:55:02 IST" name="shouldGetAccountByAccountNo" finished-at="2026-01-16T20:55:02 IST" depends-on-methods="apiTest.AccountLifecycleIT.shouldCreateAccount" duration-ms="159" status="PASS">
          <reporter-output>
          </reporter-output>
        </test-method> <!-- shouldGetAccountByAccountNo -->
        <test-method signature="shouldUpdateAccount()[pri:3, instance:apiTest.AccountLifecycleIT@68ead359]" started-at="2026-01-16T20:55:02 IST" name="shouldUpdateAccount" finished-at="2026-01-16T20:55:03 IST" depends-on-methods="apiTest.AccountLifecycleIT.shouldGetAccountByAccountNo" duration-ms="82" status="PASS">
          <reporter-output>
          </reporter-output>
        </test-method> <!-- shouldUpdateAccount -->
        <test-method signature="shouldDeleteAccount()[pri:4, instance:apiTest.AccountLifecycleIT@68ead359]" started-at="2026-01-16T20:55:03 IST" name="shouldDeleteAccount" finished-at="2026-01-16T20:55:03 IST" depends-on-methods="apiTest.AccountLifecycleIT.shouldUpdateAccount" duration-ms="43" status="PASS">
          <reporter-output>
          </reporter-output>
        </test-method> <!-- shouldDeleteAccount -->
      </class> <!-- apiTest.AccountLifecycleIT -->
      <class name="apiTest.CustomerLifecycleApiIT">
        <test-method signature="shouldCreateCustomer()[pri:1, instance:apiTest.CustomerLifecycleApiIT@3724af13]" started-at="2026-01-16T20:55:01 IST" name="shouldCreateCustomer" finished-at="2026-01-16T20:55:02 IST" duration-ms="437" status="PASS">
          <reporter-output>
          </reporter-output>
        </test-method> <!-- shouldCreateCustomer -->
        <test-method signature="shouldGetCustomerById()[pri:2, instance:apiTest.CustomerLifecycleApiIT@3724af13]" started-at="2026-01-16T20:55:02 IST" name="shouldGetCustomerById" finished-at="2026-01-16T20:55:02 IST" depends-on-methods="apiTest.CustomerLifecycleApiIT.shouldCreateCustomer" duration-ms="90" status="PASS">
          <reporter-output>
          </reporter-output>
        </test-method> <!-- shouldGetCustomerById -->
        <test-method signature="shouldUpdateCustomer()[pri:3, instance:apiTest.CustomerLifecycleApiIT@3724af13]" started-at="2026-01-16T20:55:02 IST" name="shouldUpdateCustomer" finished-at="2026-01-16T20:55:02 IST" depends-on-methods="apiTest.CustomerLifecycleApiIT.shouldGetCustomerById" duration-ms="58" status="FAIL">
          <exception class="java.lang.AssertionError">
            <message>
              <![CDATA[Status code mismatch! expected [200] but found [400]]]>
            </message>
            <full-stacktrace>
              <![CDATA[java.lang.AssertionError: Status code mismatch! expected [200] but found [400]
at org.testng.Assert.fail(Assert.java:110)
at org.testng.Assert.failNotEquals(Assert.java:1577)
at org.testng.Assert.assertEqualsImpl(Assert.java:149)
at org.testng.Assert.assertEquals(Assert.java:131)
at org.testng.Assert.assertEquals(Assert.java:1418)
at org.testng.Assert.assertEquals(Assert.java:1382)
at apivalidation.APIValidation.validateStatuscode(APIValidation.java:18)
at apiTest.CustomerLifecycleApiIT.shouldUpdateCustomer(CustomerLifecycleApiIT.java:119)
at java.base/jdk.internal.reflect.DirectMethodHandleAccessor.invoke(DirectMethodHandleAccessor.java:104)
at java.base/java.lang.reflect.Method.invoke(Method.java:578)
at org.testng.internal.invokers.MethodInvocationHelper.invokeMethod(MethodInvocationHelper.java:139)
at org.testng.internal.invokers.TestInvoker.invokeMethod(TestInvoker.java:677)
at org.testng.internal.invokers.TestInvoker.invokeTestMethod(TestInvoker.java:221)
at org.testng.internal.invokers.MethodRunner.runInSequence(MethodRunner.java:50)
at org.testng.internal.invokers.TestInvoker$MethodInvocationAgent.invoke(TestInvoker.java:969)
at org.testng.internal.invokers.TestInvoker.invokeTestMethods(TestInvoker.java:194)
at org.testng.internal.invokers.TestMethodWorker.invokeTestMethods(TestMethodWorker.java:148)
at org.testng.internal.invokers.TestMethodWorker.run(TestMethodWorker.java:128)
at java.base/java.util.ArrayList.forEach(ArrayList.java:1511)
at org.testng.TestRunner.privateRun(TestRunner.java:829)
at org.testng.TestRunner.run(TestRunner.java:602)
at org.testng.SuiteRunner.runTest(SuiteRunner.java:437)
at org.testng.SuiteRunner.runSequentially(SuiteRunner.java:431)
at org.testng.SuiteRunner.privateRun(SuiteRunner.java:391)
at org.testng.SuiteRunner.run(SuiteRunner.java:330)
at org.testng.SuiteRunnerWorker.runSuite(SuiteRunnerWorker.java:52)
at org.testng.SuiteRunnerWorker.run(SuiteRunnerWorker.java:95)
at org.testng.TestNG.runSuitesSequentially(TestNG.java:1256)
at org.testng.TestNG.runSuitesLocally(TestNG.java:1176)
at org.testng.TestNG.runSuites(TestNG.java:1099)
at org.testng.TestNG.run(TestNG.java:1067)
at org.testng.remote.AbstractRemoteTestNG.run(AbstractRemoteTestNG.java:115)
at org.testng.remote.RemoteTestNG.initAndRun(RemoteTestNG.java:251)
at org.testng.remote.RemoteTestNG.main(RemoteTestNG.java:77)
]]>
            </full-stacktrace>
          </exception> <!-- java.lang.AssertionError -->
          <reporter-output>
          </reporter-output>
        </test-method> <!-- shouldUpdateCustomer -->
        <test-method signature="shouldDeleteCustomer()[pri:4, instance:apiTest.CustomerLifecycleApiIT@3724af13]" started-at="2026-01-16T20:55:02 IST" name="shouldDeleteCustomer" finished-at="2026-01-16T20:55:02 IST" depends-on-methods="apiTest.CustomerLifecycleApiIT.shouldUpdateCustomer" duration-ms="1" status="SKIP">
          <exception class="java.lang.Throwable">
            <message>
              <![CDATA[Method apiTest.CustomerLifecycleApiIT.shouldDeleteCustomer() on instance apiTest.CustomerLifecycleApiIT@3724af13 depends on not successfully finished methods 
[apiTest.CustomerLifecycleApiIT.shouldUpdateCustomer() on instance apiTest.CustomerLifecycleApiIT@3724af13]]]>
            </message>
            <full-stacktrace>
              <![CDATA[java.lang.Throwable: Method apiTest.CustomerLifecycleApiIT.shouldDeleteCustomer() on instance apiTest.CustomerLifecycleApiIT@3724af13 depends on not successfully finished methods 
[apiTest.CustomerLifecycleApiIT.shouldUpdateCustomer() on instance apiTest.CustomerLifecycleApiIT@3724af13]
at org.testng.internal.invokers.TestInvoker.invokeTestMethods(TestInvoker.java:150)
at org.testng.internal.invokers.TestMethodWorker.invokeTestMethods(TestMethodWorker.java:148)
at org.testng.internal.invokers.TestMethodWorker.run(TestMethodWorker.java:128)
at java.base/java.util.ArrayList.forEach(ArrayList.java:1511)
at org.testng.TestRunner.privateRun(TestRunner.java:829)
at org.testng.TestRunner.run(TestRunner.java:602)
at org.testng.SuiteRunner.runTest(SuiteRunner.java:437)
at org.testng.SuiteRunner.runSequentially(SuiteRunner.java:431)
at org.testng.SuiteRunner.privateRun(SuiteRunner.java:391)
at org.testng.SuiteRunner.run(SuiteRunner.java:330)
at org.testng.SuiteRunnerWorker.runSuite(SuiteRunnerWorker.java:52)
at org.testng.SuiteRunnerWorker.run(SuiteRunnerWorker.java:95)
at org.testng.TestNG.runSuitesSequentially(TestNG.java:1256)
at org.testng.TestNG.runSuitesLocally(TestNG.java:1176)
at org.testng.TestNG.runSuites(TestNG.java:1099)
at org.testng.TestNG.run(TestNG.java:1067)
at org.testng.remote.AbstractRemoteTestNG.run(AbstractRemoteTestNG.java:115)
at org.testng.remote.RemoteTestNG.initAndRun(RemoteTestNG.java:251)
at org.testng.remote.RemoteTestNG.main(RemoteTestNG.java:77)
]]>
            </full-stacktrace>
          </exception> <!-- java.lang.Throwable -->
          <reporter-output>
          </reporter-output>
        </test-method> <!-- shouldDeleteCustomer -->
      </class> <!-- apiTest.CustomerLifecycleApiIT -->
      <class name="apiTest.CustomerAccountTransactionE2ETest">
        <test-method is-config="true" signature="setup()[pri:0, instance:apiTest.CustomerAccountTransactionE2ETest@44e3a2b2]" started-at="2026-01-16T20:54:58 IST" name="setup" finished-at="2026-01-16T20:54:59 IST" duration-ms="590" status="PASS">
          <reporter-output>
          </reporter-output>
        </test-method> <!-- setup -->
        <test-method signature="createCustomer_shouldSucceed()[pri:1, instance:apiTest.CustomerAccountTransactionE2ETest@44e3a2b2]" started-at="2026-01-16T20:54:59 IST" name="createCustomer_shouldSucceed" finished-at="2026-01-16T20:55:01 IST" duration-ms="2054" status="PASS">
          <reporter-output>
          </reporter-output>
        </test-method> <!-- createCustomer_shouldSucceed -->
        <test-method signature="createAccount_shouldSucceed()[pri:2, instance:apiTest.CustomerAccountTransactionE2ETest@44e3a2b2]" started-at="2026-01-16T20:55:01 IST" name="createAccount_shouldSucceed" finished-at="2026-01-16T20:55:01 IST" duration-ms="231" status="PASS">
          <reporter-output>
          </reporter-output>
        </test-method> <!-- createAccount_shouldSucceed -->
        <test-method signature="depositMoney_shouldUpdateBalanceCorrectly()[pri:3, instance:apiTest.CustomerAccountTransactionE2ETest@44e3a2b2]" started-at="2026-01-16T20:55:01 IST" name="depositMoney_shouldUpdateBalanceCorrectly" finished-at="2026-01-16T20:55:01 IST" duration-ms="188" status="PASS">
          <reporter-output>
          </reporter-output>
        </test-method> <!-- depositMoney_shouldUpdateBalanceCorrectly -->
        <test-method is-config="true" signature="tearDown()[pri:0, instance:apiTest.CustomerAccountTransactionE2ETest@44e3a2b2]" started-at="2026-01-16T20:55:03 IST" name="tearDown" finished-at="2026-01-16T20:55:03 IST" duration-ms="1" status="PASS">
          <reporter-output>
          </reporter-output>
        </test-method> <!-- tearDown -->
      </class> <!-- apiTest.CustomerAccountTransactionE2ETest -->
    </test> <!-- API Lifecycle Tests -->
  </suite> <!-- API Automation Parallel Suite -->
</testng-results>
